<?xml version="1.0" encoding="UTF-8"?>
<!-- Generated by org.testng.reporters.JUnitReportReporter -->
<testsuite skipped="0" hostname="Admins-MacBook-Pro-2.local" name="testScripts.AM_Login_002" tests="1" failures="0" timestamp="15 Nov 2018 21:01:54 GMT" time="10.714" errors="0">
  <testcase name="AM_Login_002" time="10.714" classname="testScripts.AM_Login_002"/>
</testsuite> <!-- testScripts.AM_Login_002 -->
