<?xml version="1.0" encoding="UTF-8"?>
<!-- Generated by org.testng.reporters.JUnitReportReporter -->
<testsuite skipped="0" hostname="Admins-MacBook-Pro-2.local" name="testScripts.AM_Login_001" tests="1" failures="0" timestamp="14 Nov 2018 17:30:38 GMT" time="21.992" errors="0">
  <testcase name="AM_Login_001" time="21.992" classname="testScripts.AM_Login_001"/>
</testsuite> <!-- testScripts.AM_Login_001 -->
